[LOG] SystemI::init                            : FMOD Studio Version: 00010814 (80900)
[LOG] SystemI::init                            : maxchannels = 1024, flags = 00030000, extradriverdata = 0000000000000000
[LOG] SystemI::close                           : 
[LOG] SystemI::close                           : Stop all sounds
[LOG] SystemI::close                           : done.

[LOG] OutputWASAPI::init                       : Mix Format (WAVEFORMATEX): wFormatTag=0xFFFE, nChannels=2, nSamplesPerSec=48000, nAvgBytesPerSec=384000, nBlockAlign=8, wBitsPerSample=32, cbSize=22.
[LOG] OutputWASAPI::init                       : Mix Format (WAVEFORMATEXTENSIBLE): wValidBitsPerSample=32, dwChannelMask=0x00000003, SubFormat=00000003-0000-0010-8000-00AA00389B71.
[LOG] OutputWASAPI::init                       : Output buffer size: 4096 samples, latency: 0.00ms, period: 10.00ms, DSP buffer: 1024 * 4
[LOG] Thread::initThread                       : Initializing FMOD mixer thread.  priority 3
[LOG] Thread::initThread                       : - Stacksize 49152.  Stack pointer 0000000000000000 : usesemaphore = 0 : sleeptime = 0
[LOG] Thread::callback                         : * FMOD mixer thread started
[LOG] SystemI::init                            : Set up emulated output
[LOG] SystemI::init                            : create the channel pool
[LOG] Thread::initThread                       : Initializing FMOD stream thread.  priority 2
[LOG] Thread::initThread                       : - Stacksize 65536.  Stack pointer 0000000000000000 : usesemaphore = 0 : sleeptime = 10
[LOG] Thread::callback                         : * FMOD stream thread started
[LOG] Thread::initThread                       : Initializing FMOD Studio update thread.  priority 0
[LOG] Thread::initThread                       : - Stacksize 65536.  Stack pointer 0000000000000000 : usesemaphore = 0 : sleeptime = 1
[LOG] Thread::callback                         : * FMOD Studio update thread started
[LOG] Thread::initThread                       : Initializing FMOD Studio sample load thread.  priority 0
[LOG] Thread::initThread                       : - Stacksize 65536.  Stack pointer 0000000000000000 : usesemaphore = 0 : sleeptime = 1
[LOG] Thread::callback                         : * FMOD Studio sample load thread started
[LOG] LiveUpdate::init                         : 
[LOG] Thread::initThread                       : Initializing FMOD Studio bank load thread.  priority 0
[LOG] Thread::initThread                       : - Stacksize 65536.  Stack pointer 0000000000000000 : usesemaphore = 0 : sleeptime = 1
[LOG] Thread::callback                         : * FMOD Studio bank load thread started
[LOG] Profile::init                            : Profiler listening on port: 9264
[LOG] Manager::readBank                        : fileversion = 80, compatVersion = 70 (oldest = 44, newest = 80)
[LOG] Manager::readBank                        : fileversion = 80, compatVersion = 70 (oldest = 44, newest = 80)
[LOG] PlaybackSystem::acquireMasterBus         : Setting master channel group format to 3
[LOG] SystemI::createSoundInternal             : filename =  : mode 02000202
[LOG] SystemI::createSoundInternal             : exinfo->cbsize             = 232
[LOG] SystemI::createSoundInternal             : exinfo->length             = 7231136
[LOG] SystemI::createSoundInternal             : exinfo->fileoffset         = 47776
[LOG] SystemI::createSoundInternal             : exinfo->numsubsounds       = 1
[LOG] SystemI::createSoundInternal             : exinfo->inclusionlist      = 0000000079E7FB38
[LOG] SystemI::createSoundInternal             : exinfo->inclusionlistnum   = 1
[LOG] SystemI::createSoundInternal             : exinfo->suggestedsoundtype = 5
[LOG] SystemI::createSoundInternal             : exinfo->useropen           = 00007FFDEB3F5130
[LOG] SystemI::createSoundInternal             : exinfo->userclose          = 00007FFDEB3F5100
[LOG] SystemI::createSoundInternal             : exinfo->userread           = 00007FFDEB3F5200
[LOG] SystemI::createSoundInternal             : exinfo->userseek           = 00007FFDEB3F52B0
[LOG] SystemI::createSoundInternal             : exinfo->fileuserdata       = 000000003CF1E1A8
[LOG] SystemI::createSoundInternal             : exinfo->initialseekpostype = 1
[LOG] SystemI::createSoundInternal             : Format has 1 subsounds.
[LOG] SystemI::createSoundInternal             : Create as FMOD_CREATESAMPLE
[LOG] SystemI::createSoundInternal             : Multi-sample sound (1 subsounds), create a sample container.
[LOG] SystemI::createSoundInternal             : creating subsound 0/1
[LOG] SystemI::createSample                    : mode 02000202 length 15877 samples, lengthbytes 4608
[LOG] SystemI::createSample                    : channels = 2
[LOG] SystemI::createSample                    : output = 000000003D848B08
[LOG] OutputSoftware::createSample             : lengthpcm 15877, lengthbytes 4608, channels 2, format 2, freq 48000, mode 0200020a
[LOG] SystemI::createSoundInternal             : No name found in file, use filename.
[LOG] SystemI::createSoundInternal             : done.  OpenState now = FMOD_OPENSTATE_READY.

[LOG] SystemI::createSoundInternal             : filename =  : mode 02000202
[LOG] SystemI::createSoundInternal             : exinfo->cbsize             = 232
[LOG] SystemI::createSoundInternal             : exinfo->length             = 7231136
[LOG] SystemI::createSoundInternal             : exinfo->fileoffset         = 47776
[LOG] SystemI::createSoundInternal             : exinfo->numsubsounds       = 1
[LOG] SystemI::createSoundInternal             : exinfo->inclusionlist      = 0000000079E7FB38
[LOG] SystemI::createSoundInternal             : exinfo->inclusionlistnum   = 1
[LOG] SystemI::createSoundInternal             : exinfo->suggestedsoundtype = 5
[LOG] SystemI::createSoundInternal             : exinfo->useropen           = 00007FFDEB3F5130
[LOG] SystemI::createSoundInternal             : exinfo->userclose          = 00007FFDEB3F5100
[LOG] SystemI::createSoundInternal             : exinfo->userread           = 00007FFDEB3F5200
[LOG] SystemI::createSoundInternal             : exinfo->userseek           = 00007FFDEB3F52B0
[LOG] SystemI::createSoundInternal             : exinfo->fileuserdata       = 000000003CF1E1A8
[LOG] SystemI::createSoundInternal             : exinfo->initialseekpostype = 1
[LOG] SystemI::createSoundInternal             : Format has 1 subsounds.
[LOG] SystemI::createSoundInternal             : Create as FMOD_CREATESAMPLE
[LOG] SystemI::createSoundInternal             : Multi-sample sound (1 subsounds), create a sample container.
[LOG] SystemI::createSoundInternal             : creating subsound 0/1
[LOG] SystemI::createSample                    : mode 02000202 length 11037 samples, lengthbytes 2880
[LOG] SystemI::createSample                    : channels = 2
[LOG] SystemI::createSample                    : output = 000000003D848B08
[LOG] OutputSoftware::createSample             : lengthpcm 11037, lengthbytes 2880, channels 2, format 2, freq 48000, mode 0200020a
[LOG] SystemI::createSoundInternal             : No name found in file, use filename.
[LOG] SystemI::createSoundInternal             : done.  OpenState now = FMOD_OPENSTATE_READY.

[LOG] SystemI::createSoundInternal             : filename =  : mode 02000202
[LOG] SystemI::createSoundInternal             : exinfo->cbsize             = 232
[LOG] SystemI::createSoundInternal             : exinfo->length             = 7231136
[LOG] SystemI::createSoundInternal             : exinfo->fileoffset         = 47776
[LOG] SystemI::createSoundInternal             : exinfo->numsubsounds       = 1
[LOG] SystemI::createSoundInternal             : exinfo->inclusionlist      = 0000000079E7FB38
[LOG] SystemI::createSoundInternal             : exinfo->inclusionlistnum   = 1
[LOG] SystemI::createSoundInternal             : exinfo->suggestedsoundtype = 5
[LOG] SystemI::createSoundInternal             : exinfo->useropen           = 00007FFDEB3F5130
[LOG] SystemI::createSoundInternal             : exinfo->userclose          = 00007FFDEB3F5100
[LOG] SystemI::createSoundInternal             : exinfo->userread           = 00007FFDEB3F5200
[LOG] SystemI::createSoundInternal             : exinfo->userseek           = 00007FFDEB3F52B0
[LOG] SystemI::createSoundInternal             : exinfo->fileuserdata       = 000000003CF1E1A8
[LOG] SystemI::createSoundInternal             : exinfo->initialseekpostype = 1
[LOG] SystemI::createSoundInternal             : Format has 1 subsounds.
[LOG] SystemI::createSoundInternal             : Create as FMOD_CREATESAMPLE
[LOG] SystemI::createSoundInternal             : Multi-sample sound (1 subsounds), create a sample container.
[LOG] SystemI::createSoundInternal             : creating subsound 0/1
[LOG] SystemI::createSample                    : mode 02000202 length 96000 samples, lengthbytes 17696
[LOG] SystemI::createSample                    : channels = 2
[LOG] SystemI::createSample                    : output = 000000003D848B08
[LOG] OutputSoftware::createSample             : lengthpcm 96000, lengthbytes 17696, channels 2, format 2, freq 48000, mode 0200020a
[LOG] SystemI::createSoundInternal             : No name found in file, use filename.
[LOG] SystemI::createSoundInternal             : done.  OpenState now = FMOD_OPENSTATE_READY.

[LOG] SystemI::createSoundInternal             : filename =  : mode 02000202
[LOG] SystemI::createSoundInternal             : exinfo->cbsize             = 232
[LOG] SystemI::createSoundInternal             : exinfo->length             = 7231136
[LOG] SystemI::createSoundInternal             : exinfo->fileoffset         = 47776
[LOG] SystemI::createSoundInternal             : exinfo->numsubsounds       = 1
[LOG] SystemI::createSoundInternal             : exinfo->inclusionlist      = 0000000079E7FB38
[LOG] SystemI::createSoundInternal             : exinfo->inclusionlistnum   = 1
[LOG] SystemI::createSoundInternal             : exinfo->suggestedsoundtype = 5
[LOG] SystemI::createSoundInternal             : exinfo->useropen           = 00007FFDEB3F5130
[LOG] SystemI::createSoundInternal             : exinfo->userclose          = 00007FFDEB3F5100
[LOG] SystemI::createSoundInternal             : exinfo->userread           = 00007FFDEB3F5200
[LOG] SystemI::createSoundInternal             : exinfo->userseek           = 00007FFDEB3F52B0
[LOG] SystemI::createSoundInternal             : exinfo->fileuserdata       = 000000003CF1D928
[LOG] SystemI::createSoundInternal             : exinfo->initialseekpostype = 1
[LOG] SystemI::createSoundInternal             : Format has 1 subsounds.
[LOG] SystemI::createSoundInternal             : Create as FMOD_CREATESAMPLE
[LOG] SystemI::createSoundInternal             : Multi-sample sound (1 subsounds), create a sample container.
[LOG] SystemI::createSoundInternal             : creating subsound 0/1
[LOG] SystemI::createSample                    : mode 02000202 length 13214 samples, lengthbytes 3296
[LOG] SystemI::createSample                    : channels = 2
[LOG] SystemI::createSample                    : output = 000000003D848B08
[LOG] OutputSoftware::createSample             : lengthpcm 13214, lengthbytes 3296, channels 2, format 2, freq 48000, mode 0200020a
[LOG] SystemI::createSoundInternal             : No name found in file, use filename.
[LOG] SystemI::createSoundInternal             : done.  OpenState now = FMOD_OPENSTATE_READY.

[LOG] SystemI::createSoundInternal             : filename =  : mode 02000202
[LOG] SystemI::createSoundInternal             : exinfo->cbsize             = 232
[LOG] SystemI::createSoundInternal             : exinfo->length             = 7231136
[LOG] SystemI::createSoundInternal             : exinfo->fileoffset         = 47776
[LOG] SystemI::createSoundInternal             : exinfo->numsubsounds       = 1
[LOG] SystemI::createSoundInternal             : exinfo->inclusionlist      = 0000000079E7FB38
[LOG] SystemI::createSoundInternal             : exinfo->inclusionlistnum   = 1
[LOG] SystemI::createSoundInternal             : exinfo->suggestedsoundtype = 5
[LOG] SystemI::createSoundInternal             : exinfo->useropen           = 00007FFDEB3F5130
[LOG] SystemI::createSoundInternal             : exinfo->userclose          = 00007FFDEB3F5100
[LOG] SystemI::createSoundInternal             : exinfo->userread           = 00007FFDEB3F5200
[LOG] SystemI::createSoundInternal             : exinfo->userseek           = 00007FFDEB3F52B0
[LOG] SystemI::createSoundInternal             : exinfo->fileuserdata       = 000000003CF1D928
[LOG] SystemI::createSoundInternal             : exinfo->initialseekpostype = 1
[LOG] SystemI::createSoundInternal             : Format has 1 subsounds.
[LOG] SystemI::createSoundInternal             : Create as FMOD_CREATESAMPLE
[LOG] SystemI::createSoundInternal             : Multi-sample sound (1 subsounds), create a sample container.
[LOG] SystemI::createSoundInternal             : creating subsound 0/1
[LOG] SystemI::createSample                    : mode 02000202 length 2023 samples, lengthbytes 1216
[LOG] SystemI::createSample                    : channels = 2
[LOG] SystemI::createSample                    : output = 000000003D848B08
[LOG] OutputSoftware::createSample             : lengthpcm 2023, lengthbytes 1216, channels 2, format 2, freq 48000, mode 0200020a
[LOG] SystemI::createSoundInternal             : No name found in file, use filename.
[LOG] SystemI::createSoundInternal             : done.  OpenState now = FMOD_OPENSTATE_READY.

[LOG] SystemI::createSoundInternal             : filename =  : mode 02000202
[LOG] SystemI::createSoundInternal             : exinfo->cbsize             = 232
[LOG] SystemI::createSoundInternal             : exinfo->length             = 7231136
[LOG] SystemI::createSoundInternal             : exinfo->fileoffset         = 47776
[LOG] SystemI::createSoundInternal             : exinfo->numsubsounds       = 1
[LOG] SystemI::createSoundInternal             : exinfo->inclusionlist      = 0000000079E7FB38
[LOG] SystemI::createSoundInternal             : exinfo->inclusionlistnum   = 1
[LOG] SystemI::createSoundInternal             : exinfo->suggestedsoundtype = 5
[LOG] SystemI::createSoundInternal             : exinfo->useropen           = 00007FFDEB3F5130
[LOG] SystemI::createSoundInternal             : exinfo->userclose          = 00007FFDEB3F5100
[LOG] SystemI::createSoundInternal             : exinfo->userread           = 00007FFDEB3F5200
[LOG] SystemI::createSoundInternal             : exinfo->userseek           = 00007FFDEB3F52B0
[LOG] SystemI::createSoundInternal             : exinfo->fileuserdata       = 000000003CF1D928
[LOG] SystemI::createSoundInternal             : exinfo->initialseekpostype = 1
[LOG] SystemI::createSoundInternal             : Format has 1 subsounds.
[LOG] SystemI::createSoundInternal             : Create as FMOD_CREATESAMPLE
[LOG] SystemI::createSoundInternal             : Multi-sample sound (1 subsounds), create a sample container.
[LOG] SystemI::createSoundInternal             : creating subsound 0/1
[LOG] SystemI::createSample                    : mode 02000202 length 9984 samples, lengthbytes 992
[LOG] SystemI::createSample                    : channels = 2
[LOG] SystemI::createSample                    : output = 000000003D848B08
[LOG] OutputSoftware::createSample             : lengthpcm 9984, lengthbytes 992, channels 2, format 2, freq 48000, mode 0200020a
[LOG] SystemI::createSoundInternal             : No name found in file, use filename.
[LOG] SystemI::createSoundInternal             : done.  OpenState now = FMOD_OPENSTATE_READY.

[LOG] SystemI::createSoundInternal             : filename =  : mode 02000202
[LOG] SystemI::createSoundInternal             : exinfo->cbsize             = 232
[LOG] SystemI::createSoundInternal             : exinfo->length             = 7231136
[LOG] SystemI::createSoundInternal             : exinfo->fileoffset         = 47776
[LOG] SystemI::createSoundInternal             : exinfo->numsubsounds       = 1
[LOG] SystemI::createSoundInternal             : exinfo->inclusionlist      = 0000000079E7FB38
[LOG] SystemI::createSoundInternal             : exinfo->inclusionlistnum   = 1
[LOG] SystemI::createSoundInternal             : exinfo->suggestedsoundtype = 5
[LOG] SystemI::createSoundInternal             : exinfo->useropen           = 00007FFDEB3F5130
[LOG] SystemI::createSoundInternal             : exinfo->userclose          = 00007FFDEB3F5100
[LOG] SystemI::createSoundInternal             : exinfo->userread           = 00007FFDEB3F5200
[LOG] SystemI::createSoundInternal             : exinfo->userseek           = 00007FFDEB3F52B0
[LOG] SystemI::createSoundInternal             : exinfo->fileuserdata       = 000000003CF1D928
[LOG] SystemI::createSoundInternal             : exinfo->initialseekpostype = 1
[LOG] SystemI::createSoundInternal             : Format has 1 subsounds.
[LOG] SystemI::createSoundInternal             : Create as FMOD_CREATESAMPLE
[LOG] SystemI::createSoundInternal             : Multi-sample sound (1 subsounds), create a sample container.
[LOG] SystemI::createSoundInternal             : creating subsound 0/1
[LOG] SystemI::createSample                    : mode 02000202 length 6824 samples, lengthbytes 1376
[LOG] SystemI::createSample                    : channels = 2
[LOG] SystemI::createSample                    : output = 000000003D848B08
[LOG] OutputSoftware::createSample             : lengthpcm 6824, lengthbytes 1376, channels 2, format 2, freq 48000, mode 0200020a
[LOG] SystemI::createSoundInternal             : No name found in file, use filename.
[LOG] SystemI::createSoundInternal             : done.  OpenState now = FMOD_OPENSTATE_READY.

[LOG] SystemI::createSoundInternal             : filename =  : mode 02000202
[LOG] SystemI::createSoundInternal             : exinfo->cbsize             = 232
[LOG] SystemI::createSoundInternal             : exinfo->length             = 7231136
[LOG] SystemI::createSoundInternal             : exinfo->fileoffset         = 47776
[LOG] SystemI::createSoundInternal             : exinfo->numsubsounds       = 1
[LOG] SystemI::createSoundInternal             : exinfo->inclusionlist      = 0000000079E7FB38
[LOG] SystemI::createSoundInternal             : exinfo->inclusionlistnum   = 1
[LOG] SystemI::createSoundInternal             : exinfo->suggestedsoundtype = 5
[LOG] SystemI::createSoundInternal             : exinfo->useropen           = 00007FFDEB3F5130
[LOG] SystemI::createSoundInternal             : exinfo->userclose          = 00007FFDEB3F5100
[LOG] SystemI::createSoundInternal             : exinfo->userread           = 00007FFDEB3F5200
[LOG] SystemI::createSoundInternal             : exinfo->userseek           = 00007FFDEB3F52B0
[LOG] SystemI::createSoundInternal             : exinfo->fileuserdata       = 000000003CF1DD68
[LOG] SystemI::createSoundInternal             : exinfo->initialseekpostype = 1
[LOG] SystemI::createSoundInternal             : Format has 1 subsounds.
[LOG] SystemI::createSoundInternal             : Create as FMOD_CREATESAMPLE
[LOG] SystemI::createSoundInternal             : Multi-sample sound (1 subsounds), create a sample container.
[LOG] SystemI::createSoundInternal             : creating subsound 0/1
[LOG] SystemI::createSample                    : mode 02000202 length 7945 samples, lengthbytes 1920
[LOG] SystemI::createSample                    : channels = 1
[LOG] SystemI::createSample                    : output = 000000003D848B08
[LOG] OutputSoftware::createSample             : lengthpcm 7945, lengthbytes 1920, channels 1, format 2, freq 48000, mode 0200020a
[LOG] SystemI::createSoundInternal             : No name found in file, use filename.
[LOG] SystemI::createSoundInternal             : done.  OpenState now = FMOD_OPENSTATE_READY.

[LOG] SystemI::createSoundInternal             : filename =  : mode 02000202
[LOG] SystemI::createSoundInternal             : exinfo->cbsize             = 232
[LOG] SystemI::createSoundInternal             : exinfo->length             = 7231136
[LOG] SystemI::createSoundInternal             : exinfo->fileoffset         = 47776
[LOG] SystemI::createSoundInternal             : exinfo->numsubsounds       = 1
[LOG] SystemI::createSoundInternal             : exinfo->inclusionlist      = 0000000079E7FB38
[LOG] SystemI::createSoundInternal             : exinfo->inclusionlistnum   = 1
[LOG] SystemI::createSoundInternal             : exinfo->suggestedsoundtype = 5
[LOG] SystemI::createSoundInternal             : exinfo->useropen           = 00007FFDEB3F5130
[LOG] SystemI::createSoundInternal             : exinfo->userclose          = 00007FFDEB3F5100
[LOG] SystemI::createSoundInternal             : exinfo->userread           = 00007FFDEB3F5200
[LOG] SystemI::createSoundInternal             : exinfo->userseek           = 00007FFDEB3F52B0
[LOG] SystemI::createSoundInternal             : exinfo->fileuserdata       = 000000003CF1DD68
[LOG] SystemI::createSoundInternal             : exinfo->initialseekpostype = 1
[LOG] SystemI::createSoundInternal             : Format has 1 subsounds.
[LOG] SystemI::createSoundInternal             : Create as FMOD_CREATESAMPLE
[LOG] SystemI::createSoundInternal             : Multi-sample sound (1 subsounds), create a sample container.
[LOG] SystemI::createSoundInternal             : creating subsound 0/1
[LOG] SystemI::createSample                    : mode 02000202 length 32630 samples, lengthbytes 5568
[LOG] SystemI::createSample                    : channels = 1
[LOG] SystemI::createSample                    : output = 000000003D848B08
[LOG] OutputSoftware::createSample             : lengthpcm 32630, lengthbytes 5568, channels 1, format 2, freq 48000, mode 0200020a
[LOG] SystemI::createSoundInternal             : No name found in file, use filename.
[LOG] SystemI::createSoundInternal             : done.  OpenState now = FMOD_OPENSTATE_READY.

[LOG] SystemI::createSoundInternal             : filename =  : mode 02000202
[LOG] SystemI::createSoundInternal             : exinfo->cbsize             = 232
[LOG] SystemI::createSoundInternal             : exinfo->length             = 7231136
[LOG] SystemI::createSoundInternal             : exinfo->fileoffset         = 47776
[LOG] SystemI::createSoundInternal             : exinfo->numsubsounds       = 1
[LOG] SystemI::createSoundInternal             : exinfo->inclusionlist      = 0000000079E7FB38
[LOG] SystemI::createSoundInternal             : exinfo->inclusionlistnum   = 1
[LOG] SystemI::createSoundInternal             : exinfo->suggestedsoundtype = 5
[LOG] SystemI::createSoundInternal             : exinfo->useropen           = 00007FFDEB3F5130
[LOG] SystemI::createSoundInternal             : exinfo->userclose          = 00007FFDEB3F5100
[LOG] SystemI::createSoundInternal             : exinfo->userread           = 00007FFDEB3F5200
[LOG] SystemI::createSoundInternal             : exinfo->userseek           = 00007FFDEB3F52B0
[LOG] SystemI::createSoundInternal             : exinfo->fileuserdata       = 000000003D347A88
[LOG] SystemI::createSoundInternal             : exinfo->initialseekpostype = 1
[LOG] SystemI::createSoundInternal             : Format has 1 subsounds.
[LOG] SystemI::createSoundInternal             : Create as FMOD_CREATESAMPLE
[LOG] SystemI::createSoundInternal             : Multi-sample sound (1 subsounds), create a sample container.
[LOG] SystemI::createSoundInternal             : creating subsound 0/1
[LOG] SystemI::createSample                    : mode 02000202 length 3367 samples, lengthbytes 1344
[LOG] SystemI::createSample                    : channels = 2
[LOG] SystemI::createSample                    : output = 000000003D848B08
[LOG] OutputSoftware::createSample             : lengthpcm 3367, lengthbytes 1344, channels 2, format 2, freq 48000, mode 0200020a
[LOG] SystemI::createSoundInternal             : No name found in file, use filename.
[LOG] SystemI::createSoundInternal             : done.  OpenState now = FMOD_OPENSTATE_READY.

[LOG] SystemI::createSoundInternal             : filename =  : mode 02000202
[LOG] SystemI::createSoundInternal             : exinfo->cbsize             = 232
[LOG] SystemI::createSoundInternal             : exinfo->length             = 7231136
[LOG] SystemI::createSoundInternal             : exinfo->fileoffset         = 47776
[LOG] SystemI::createSoundInternal             : exinfo->numsubsounds       = 1
[LOG] SystemI::createSoundInternal             : exinfo->inclusionlist      = 0000000079E7FB38
[LOG] SystemI::createSoundInternal             : exinfo->inclusionlistnum   = 1
[LOG] SystemI::createSoundInternal             : exinfo->suggestedsoundtype = 5
[LOG] SystemI::createSoundInternal             : exinfo->useropen           = 00007FFDEB3F5130
[LOG] SystemI::createSoundInternal             : exinfo->userclose          = 00007FFDEB3F5100
[LOG] SystemI::createSoundInternal             : exinfo->userread           = 00007FFDEB3F5200
[LOG] SystemI::createSoundInternal             : exinfo->userseek           = 00007FFDEB3F52B0
[LOG] SystemI::createSoundInternal             : exinfo->fileuserdata       = 000000003D347A88
[LOG] SystemI::createSoundInternal             : exinfo->initialseekpostype = 1
[LOG] SystemI::createSoundInternal             : Format has 1 subsounds.
[LOG] SystemI::createSoundInternal             : Create as FMOD_CREATESAMPLE
[LOG] SystemI::createSoundInternal             : Multi-sample sound (1 subsounds), create a sample container.
[LOG] SystemI::createSoundInternal             : creating subsound 0/1
[LOG] SystemI::createSample                    : mode 02000202 length 6278 samples, lengthbytes 1856
[LOG] SystemI::createSample                    : channels = 2
[LOG] SystemI::createSample                    : output = 000000003D848B08
[LOG] OutputSoftware::createSample             : lengthpcm 6278, lengthbytes 1856, channels 2, format 2, freq 48000, mode 0200020a
[LOG] SystemI::createSoundInternal             : No name found in file, use filename.
[LOG] SystemI::createSoundInternal             : done.  OpenState now = FMOD_OPENSTATE_READY.

[LOG] SystemI::createSoundInternal             : filename =  : mode 02000202
[LOG] SystemI::createSoundInternal             : exinfo->cbsize             = 232
[LOG] SystemI::createSoundInternal             : exinfo->length             = 7231136
[LOG] SystemI::createSoundInternal             : exinfo->fileoffset         = 47776
[LOG] SystemI::createSoundInternal             : exinfo->numsubsounds       = 1
[LOG] SystemI::createSoundInternal             : exinfo->inclusionlist      = 0000000079E7FB38
[LOG] SystemI::createSoundInternal             : exinfo->inclusionlistnum   = 1
[LOG] SystemI::createSoundInternal             : exinfo->suggestedsoundtype = 5
[LOG] SystemI::createSoundInternal             : exinfo->useropen           = 00007FFDEB3F5130
[LOG] SystemI::createSoundInternal             : exinfo->userclose          = 00007FFDEB3F5100
[LOG] SystemI::createSoundInternal             : exinfo->userread           = 00007FFDEB3F5200
[LOG] SystemI::createSoundInternal             : exinfo->userseek           = 00007FFDEB3F52B0
[LOG] SystemI::createSoundInternal             : exinfo->fileuserdata       = 000000003D347A88
[LOG] SystemI::createSoundInternal             : exinfo->initialseekpostype = 1
[LOG] SystemI::createSoundInternal             : Format has 1 subsounds.
[LOG] SystemI::createSoundInternal             : Create as FMOD_CREATESAMPLE
[LOG] SystemI::createSoundInternal             : Multi-sample sound (1 subsounds), create a sample container.
[LOG] SystemI::createSoundInternal             : creating subsound 0/1
[LOG] SystemI::createSample                    : mode 02000202 length 2252 samples, lengthbytes 928
[LOG] SystemI::createSample                    : channels = 2
[LOG] SystemI::createSample                    : output = 000000003D848B08
[LOG] OutputSoftware::createSample             : lengthpcm 2252, lengthbytes 928, channels 2, format 2, freq 48000, mode 0200020a
[LOG] SystemI::createSoundInternal             : No name found in file, use filename.
[LOG] SystemI::createSoundInternal             : done.  OpenState now = FMOD_OPENSTATE_READY.

[LOG] SystemI::createSoundInternal             : filename =  : mode 02000202
[LOG] SystemI::createSoundInternal             : exinfo->cbsize             = 232
[LOG] SystemI::createSoundInternal             : exinfo->length             = 7231136
[LOG] SystemI::createSoundInternal             : exinfo->fileoffset         = 47776
[LOG] SystemI::createSoundInternal             : exinfo->numsubsounds       = 1
[LOG] SystemI::createSoundInternal             : exinfo->inclusionlist      = 0000000079E7FB38
[LOG] SystemI::createSoundInternal             : exinfo->inclusionlistnum   = 1
[LOG] SystemI::createSoundInternal             : exinfo->suggestedsoundtype = 5
[LOG] SystemI::createSoundInternal             : exinfo->useropen           = 00007FFDEB3F5130
[LOG] SystemI::createSoundInternal             : exinfo->userclose          = 00007FFDEB3F5100
[LOG] SystemI::createSoundInternal             : exinfo->userread           = 00007FFDEB3F5200
[LOG] SystemI::createSoundInternal             : exinfo->userseek           = 00007FFDEB3F52B0
[LOG] SystemI::createSoundInternal             : exinfo->fileuserdata       = 000000003D347A88
[LOG] SystemI::createSoundInternal             : exinfo->initialseekpostype = 1
[LOG] SystemI::createSoundInternal             : Format has 1 subsounds.
[LOG] SystemI::createSoundInternal             : Create as FMOD_CREATESAMPLE
[LOG] SystemI::createSoundInternal             : Multi-sample sound (1 subsounds), create a sample container.
[LOG] SystemI::createSoundInternal             : creating subsound 0/1
[LOG] SystemI::createSample                    : mode 02000202 length 99755 samples, lengthbytes 26528
[LOG] SystemI::createSample                    : channels = 2
[LOG] SystemI::createSample                    : output = 000000003D848B08
[LOG] OutputSoftware::createSample             : lengthpcm 99755, lengthbytes 26528, channels 2, format 2, freq 48000, mode 0200020a
[LOG] SystemI::createSoundInternal             : No name found in file, use filename.
[LOG] SystemI::createSoundInternal             : done.  OpenState now = FMOD_OPENSTATE_READY.

[LOG] SystemI::createSoundInternal             : filename =  : mode 02000202
[LOG] SystemI::createSoundInternal             : exinfo->cbsize             = 232
[LOG] SystemI::createSoundInternal             : exinfo->length             = 7231136
[LOG] SystemI::createSoundInternal             : exinfo->fileoffset         = 47776
[LOG] SystemI::createSoundInternal             : exinfo->numsubsounds       = 1
[LOG] SystemI::createSoundInternal             : exinfo->inclusionlist      = 0000000079E7FB38
[LOG] SystemI::createSoundInternal             : exinfo->inclusionlistnum   = 1
[LOG] SystemI::createSoundInternal             : exinfo->suggestedsoundtype = 5
[LOG] SystemI::createSoundInternal             : exinfo->useropen           = 00007FFDEB3F5130
[LOG] SystemI::createSoundInternal             : exinfo->userclose          = 00007FFDEB3F5100
[LOG] SystemI::createSoundInternal             : exinfo->userread           = 00007FFDEB3F5200
[LOG] SystemI::createSoundInternal             : exinfo->userseek           = 00007FFDEB3F52B0
[LOG] SystemI::createSoundInternal             : exinfo->fileuserdata       = 000000003D347A88
[LOG] SystemI::createSoundInternal             : exinfo->initialseekpostype = 1
[LOG] SystemI::createSoundInternal             : Format has 1 subsounds.
[LOG] SystemI::createSoundInternal             : Create as FMOD_CREATESAMPLE
[LOG] SystemI::createSoundInternal             : Multi-sample sound (1 subsounds), create a sample container.
[LOG] SystemI::createSoundInternal             : creating subsound 0/1
[LOG] SystemI::createSample                    : mode 02000202 length 114582 samples, lengthbytes 34048
[LOG] SystemI::createSample                    : channels = 2
[LOG] SystemI::createSample                    : output = 000000003D848B08
[LOG] OutputSoftware::createSample             : lengthpcm 114582, lengthbytes 34048, channels 2, format 2, freq 48000, mode 0200020a
[LOG] SystemI::createSoundInternal             : No name found in file, use filename.
[LOG] SystemI::createSoundInternal             : done.  OpenState now = FMOD_OPENSTATE_READY.

[LOG] SystemI::createSoundInternal             : filename =  : mode 02000202
[LOG] SystemI::createSoundInternal             : exinfo->cbsize             = 232
[LOG] SystemI::createSoundInternal             : exinfo->length             = 7231136
[LOG] SystemI::createSoundInternal             : exinfo->fileoffset         = 47776
[LOG] SystemI::createSoundInternal             : exinfo->numsubsounds       = 1
[LOG] SystemI::createSoundInternal             : exinfo->inclusionlist      = 0000000079E7FB38
[LOG] SystemI::createSoundInternal             : exinfo->inclusionlistnum   = 1
[LOG] SystemI::createSoundInternal             : exinfo->suggestedsoundtype = 5
[LOG] SystemI::createSoundInternal             : exinfo->useropen           = 00007FFDEB3F5130
[LOG] SystemI::createSoundInternal             : exinfo->userclose          = 00007FFDEB3F5100
[LOG] SystemI::createSoundInternal             : exinfo->userread           = 00007FFDEB3F5200
[LOG] SystemI::createSoundInternal             : exinfo->userseek           = 00007FFDEB3F52B0
[LOG] SystemI::createSoundInternal             : exinfo->fileuserdata       = 000000003D347A88
[LOG] SystemI::createSoundInternal             : exinfo->initialseekpostype = 1
[LOG] SystemI::createSoundInternal             : Format has 1 subsounds.
[LOG] SystemI::createSoundInternal             : Create as FMOD_CREATESAMPLE
[LOG] SystemI::createSoundInternal             : Multi-sample sound (1 subsounds), create a sample container.
[LOG] SystemI::createSoundInternal             : creating subsound 0/1
[LOG] SystemI::createSample                    : mode 02000202 length 127818 samples, lengthbytes 32256
[LOG] SystemI::createSample                    : channels = 2
[LOG] SystemI::createSample                    : output = 000000003D848B08
[LOG] OutputSoftware::createSample             : lengthpcm 127818, lengthbytes 32256, channels 2, format 2, freq 48000, mode 0200020a
[LOG] SystemI::createSoundInternal             : No name found in file, use filename.
[LOG] SystemI::createSoundInternal             : done.  OpenState now = FMOD_OPENSTATE_READY.

[LOG] SystemI::createSoundInternal             : filename =  : mode 02000202
[LOG] SystemI::createSoundInternal             : exinfo->cbsize             = 232
[LOG] SystemI::createSoundInternal             : exinfo->length             = 7231136
[LOG] SystemI::createSoundInternal             : exinfo->fileoffset         = 47776
[LOG] SystemI::createSoundInternal             : exinfo->numsubsounds       = 1
[LOG] SystemI::createSoundInternal             : exinfo->inclusionlist      = 0000000079E7FB38
[LOG] SystemI::createSoundInternal             : exinfo->inclusionlistnum   = 1
[LOG] SystemI::createSoundInternal             : exinfo->suggestedsoundtype = 5
[LOG] SystemI::createSoundInternal             : exinfo->useropen           = 00007FFDEB3F5130
[LOG] SystemI::createSoundInternal             : exinfo->userclose          = 00007FFDEB3F5100
[LOG] SystemI::createSoundInternal             : exinfo->userread           = 00007FFDEB3F5200
[LOG] SystemI::createSoundInternal             : exinfo->userseek           = 00007FFDEB3F52B0
[LOG] SystemI::createSoundInternal             : exinfo->fileuserdata       = 000000003D347A88
[LOG] SystemI::createSoundInternal             : exinfo->initialseekpostype = 1
[LOG] SystemI::createSoundInternal             : Format has 1 subsounds.
[LOG] SystemI::createSoundInternal             : Create as FMOD_CREATESAMPLE
[LOG] SystemI::createSoundInternal             : Multi-sample sound (1 subsounds), create a sample container.
[LOG] SystemI::createSoundInternal             : creating subsound 0/1
[LOG] SystemI::createSample                    : mode 02000202 length 99755 samples, lengthbytes 27744
[LOG] SystemI::createSample                    : channels = 2
[LOG] SystemI::createSample                    : output = 000000003D848B08
[LOG] OutputSoftware::createSample             : lengthpcm 99755, lengthbytes 27744, channels 2, format 2, freq 48000, mode 0200020a
[LOG] SystemI::createSoundInternal             : No name found in file, use filename.
[LOG] SystemI::createSoundInternal             : done.  OpenState now = FMOD_OPENSTATE_READY.

[LOG] SoundI::release                          :  (000000003D315AB8)
[LOG] SoundI::release                          : release subsounds. (000000003D315AB8)
[LOG] SoundI::release                          :     PainGrunt (00000000442568B8)
[LOG] SoundI::release                          : release codec. (000000003D315AB8)
[LOG] SoundI::release                          :  (000000003D315C28)
[LOG] SoundI::release                          : release subsounds. (000000003D315C28)
[LOG] SoundI::release                          :     362422__alphatrooper18__hit1 (0000000044254C98)
[LOG] SoundI::release                          : release codec. (000000003D315C28)
[LOG] SoundI::release                          :  (000000003D315F08)
[LOG] SoundI::release                          : release subsounds. (000000003D315F08)
[LOG] SoundI::release                          :     HologramCreatureMoves02_489 (0000000044256278)
[LOG] SoundI::release                          : release codec. (000000003D315F08)
[LOG] SoundI::release                          :  (000000003D3161E8)
[LOG] SoundI::release                          : release subsounds. (000000003D3161E8)
[LOG] SoundI::release                          :     HologramDisappears03_499 (0000000044255C38)
[LOG] SoundI::release                          : release codec. (000000003D3161E8)
[LOG] SoundI::release                          :  (000000003D316BF8)
[LOG] SoundI::release                          : release subsounds. (000000003D316BF8)
[LOG] SoundI::release                          :     CursorClick20_020 (0000000044254658)
[LOG] SoundI::release                          : release codec. (000000003D316BF8)
[LOG] SoundI::release                          :  (000000003D315668)
[LOG] SoundI::release                          : release subsounds. (000000003D315668)
[LOG] SoundI::release                          :     CursorClick21_021 (0000000044255468)
[LOG] SoundI::release                          : release codec. (000000003D315668)
[LOG] SoundI::release                          :  (000000003D316358)
[LOG] SoundI::release                          : release subsounds. (000000003D316358)
[LOG] SoundI::release                          :     CursorClick11_011 (00000000442560E8)
[LOG] SoundI::release                          : release codec. (000000003D316358)
[LOG] SoundI::release                          :  (000000003D3150A8)
[LOG] SoundI::release                          : release subsounds. (000000003D3150A8)
[LOG] SoundI::release                          :     HologramCreatureMoves04_491 (00000000442555F8)
[LOG] SoundI::release                          : release codec. (000000003D3150A8)
[LOG] SoundI::release                          :  (000000003D3164C8)
[LOG] SoundI::release                          : release subsounds. (000000003D3164C8)
[LOG] SoundI::release                          :     HologramDisappears04_500 (0000000044256408)
[LOG] SoundI::release                          : release codec. (000000003D3164C8)
[LOG] SoundI::release                          :  (000000003D3157D8)
[LOG] SoundI::release                          : release subsounds. (000000003D3157D8)
[LOG] SoundI::release                          :     CursorOver31_075 (0000000044255F58)
[LOG] SoundI::release                          : release codec. (000000003D3157D8)
[LOG] SoundI::release                          :  (000000003D315948)
[LOG] SoundI::release                          : release subsounds. (000000003D315948)
[LOG] SoundI::release                          :     CursorOver32_076 (00000000442552D8)
[LOG] SoundI::release                          : release codec. (000000003D315948)
[LOG] SoundI::release                          :  (000000003D315D98)
[LOG] SoundI::release                          : release subsounds. (000000003D315D98)
[LOG] SoundI::release                          :     CursorOver34_078 (0000000044254338)
[LOG] SoundI::release                          : release codec. (000000003D315D98)
[LOG] SoundI::release                          :  (000000003D315388)
[LOG] SoundI::release                          : release subsounds. (000000003D315388)
[LOG] SoundI::release                          :     CursorOver38_082 (0000000044255148)
[LOG] SoundI::release                          : release codec. (000000003D315388)
[LOG] SoundI::release                          :  (0000000032DA7B38)
[LOG] SoundI::release                          : release subsounds. (0000000032DA7B38)
[LOG] SoundI::release                          :     ActionFailed15_341 (0000000044256598)
[LOG] SoundI::release                          : release codec. (0000000032DA7B38)
[LOG] SoundI::release                          :  (000000003D315218)
[LOG] SoundI::release                          : release subsounds. (000000003D315218)
[LOG] SoundI::release                          :     Whoosh Fire Large 21 - Trimmed (0000000044255DC8)
[LOG] SoundI::release                          : release codec. (000000003D315218)
[LOG] SoundI::release                          :  (0000000032DA7F88)
[LOG] SoundI::release                          : release subsounds. (0000000032DA7F88)
[LOG] SoundI::release                          :     ActionFailed07_333 (0000000044254018)
[LOG] SoundI::release                          : release codec. (0000000032DA7F88)
[LOG] Thread::callback                         : * FMOD Studio update thread finished
[LOG] Thread::close                            : FMOD Studio update thread thread destroyed
[LOG] Thread::callback                         : * FMOD Studio bank load thread finished
[LOG] Thread::close                            : FMOD Studio bank load thread thread destroyed
[LOG] Profile::disconnectAll                   : Profiler disconnecting all clients
[LOG] Thread::callback                         : * FMOD Studio sample load thread finished
[LOG] Thread::close                            : FMOD Studio sample load thread thread destroyed
[LOG] LiveUpdate::release                      : 
[LOG] LiveUpdate::reset                        : Reset connection (reason Disconnected)
[LOG] SystemI::close                           : 
[LOG] SystemI::close                           : Stop all sounds
[LOG] Thread::callback                         : * FMOD stream thread finished
[LOG] Thread::close                            : FMOD stream thread thread destroyed
[LOG] SystemI::close                           : Stream thread destroyed
[LOG] Thread::callback                         : * FMOD mixer thread finished
[LOG] Thread::close                            : FMOD mixer thread thread destroyed
[LOG] SystemI::close                           : Free master channel group.
[LOG] SystemI::close                           : Remove 'master' sound group.
[LOG] SystemI::close                           : Free software output.
[LOG] SystemI::close                           : Free emulated output.
[LOG] SystemI::close                           : Free channel pool.
[LOG] SystemI::close                           : done.

